Content-Type: text/plain; charset="utf-8"
MIME-Version: 1.0
Content-Transfer-Encoding: 8bit
Subject: Password reset on 127.0.0.1:8000
From: webmaster@localhost
To: mz3043@nyu.edu
Date: Wed, 27 Oct 2021 16:23:26 -0000
Message-ID: 
 <163535180619.45670.15927480798156617248@10-18-216-94.dynapool.wireless.nyu.edu>


You're receiving this email because you requested a password reset for your user account at 127.0.0.1:8000.

Please go to the following page and choose a new password:

http://127.0.0.1:8000/auth/reset/Mg/av6qv2-9d86ff706883a0d71ff3ddd9556e4fb1/

Your username, in case you’ve forgotten: admin1

Thanks for using our site!

The 127.0.0.1:8000 team



-------------------------------------------------------------------------------
Content-Type: text/plain; charset="utf-8"
MIME-Version: 1.0
Content-Transfer-Encoding: 8bit
Subject: Password reset on 127.0.0.1:8000
From: webmaster@localhost
To: mz3043@nyu.edu
Date: Wed, 27 Oct 2021 16:23:26 -0000
Message-ID: 
 <163535180620.45670.13826387807141387050@10-18-216-94.dynapool.wireless.nyu.edu>


You're receiving this email because you requested a password reset for your user account at 127.0.0.1:8000.

Please go to the following page and choose a new password:

http://127.0.0.1:8000/auth/reset/Mjk/av6qv2-b2162ab0e75af919f6db72215d082963/

Your username, in case you’ve forgotten: testuser1222

Thanks for using our site!

The 127.0.0.1:8000 team



-------------------------------------------------------------------------------
