Content-Type: text/plain; charset="utf-8"
MIME-Version: 1.0
Content-Transfer-Encoding: 8bit
Subject: Password reset on 127.0.0.1:8000
From: webmaster@localhost
To: mz3043@nyu.edu
Date: Tue, 26 Oct 2021 01:53:12 -0000
Message-ID: <163521319229.16819.16130815541738913913@MENGs-MacBook-Pro.local>


You're receiving this email because you requested a password reset for your user account at 127.0.0.1:8000.

Please go to the following page and choose a new password:

http://127.0.0.1:8000/auth/reset/MQ/av3rwo-1fdfaf1578e350833f90322beb8c3bea/

Your username, in case you’ve forgotten: admin

Thanks for using our site!

The 127.0.0.1:8000 team



-------------------------------------------------------------------------------
Content-Type: text/plain; charset="utf-8"
MIME-Version: 1.0
Content-Transfer-Encoding: 8bit
Subject: Password reset on 127.0.0.1:8000
From: webmaster@localhost
To: mz3043@nyu.edu
Date: Tue, 26 Oct 2021 01:53:12 -0000
Message-ID: <163521319230.16819.12703017843751438117@MENGs-MacBook-Pro.local>


You're receiving this email because you requested a password reset for your user account at 127.0.0.1:8000.

Please go to the following page and choose a new password:

http://127.0.0.1:8000/auth/reset/Mg/av3rwo-da481947b9b81d1bf30df1a62fb6cd89/

Your username, in case you’ve forgotten: admin1

Thanks for using our site!

The 127.0.0.1:8000 team



-------------------------------------------------------------------------------
